INFO 2022-07-11 15:19:11,904 autoreload 12337 140094629926720 Watching for file changes with StatReloader
INFO 2022-07-11 15:19:43,904 autoreload 12348 139638130444096 Watching for file changes with StatReloader
INFO 2022-07-11 15:19:50,718 autoreload 12353 140641394603840 Watching for file changes with StatReloader
INFO 2022-07-11 15:19:55,128 views 12353 140641341806336 ss
INFO 2022-07-11 15:20:20,047 views 12353 140641341806336 ss
INFO 2022-07-11 15:21:50,639 autoreload 12460 139652919547712 Watching for file changes with StatReloader
INFO 2022-07-11 15:21:53,351 views 12460 139652866750208 ss
INFO 2022-07-11 15:22:00,040 views 12460 139652866750208 ss
INFO 2022-07-11 15:22:27,667 views 12460 139652866750208 ss
INFO 2022-07-11 15:24:00,804 autoreload 12460 139652919547712 /home/tepes/PycharmProjects/site/config/settings.py changed, reloading.
INFO 2022-07-11 15:24:02,448 autoreload 12742 139920740525888 Watching for file changes with StatReloader
INFO 2022-07-11 15:24:30,028 autoreload 12742 139920740525888 /home/tepes/PycharmProjects/site/config/settings.py changed, reloading.
INFO 2022-07-11 15:24:31,028 autoreload 12766 140008180139840 Watching for file changes with StatReloader
INFO 2022-07-11 15:26:35,370 autoreload 12766 140008180139840 /home/tepes/PycharmProjects/site/main/forms.py changed, reloading.
INFO 2022-07-11 15:26:48,368 autoreload 12898 140526080390976 Watching for file changes with StatReloader
INFO 2022-07-11 15:27:20,252 autoreload 12898 140526080390976 /home/tepes/PycharmProjects/site/main/views.py changed, reloading.
INFO 2022-07-11 15:27:21,491 autoreload 12913 139785914824512 Watching for file changes with StatReloader
INFO 2022-07-11 15:28:35,924 autoreload 12913 139785914824512 /home/tepes/PycharmProjects/site/main/views.py changed, reloading.
INFO 2022-07-11 15:28:36,778 autoreload 12965 139867804223296 Watching for file changes with StatReloader
INFO 2022-07-11 15:28:39,739 views 12965 139867752474368 ss
INFO 2022-07-11 15:35:41,085 autoreload 13958 140713564161856 Watching for file changes with StatReloader
INFO 2022-07-11 15:35:46,269 views 13958 140713512412928 ss
INFO 2022-07-11 15:35:53,533 views 13958 140713512412928 ss
INFO 2022-07-11 15:36:15,725 views 13958 140713512412928 ss
INFO 2022-07-11 15:38:28,238 autoreload 14185 140257384679232 Watching for file changes with StatReloader
INFO 2022-07-11 15:38:34,386 views 14185 140257333454592 ss
INFO 2022-07-11 15:39:07,486 autoreload 14331 140683149010752 Watching for file changes with StatReloader
INFO 2022-07-11 15:39:38,742 views 14331 140683086661376 ss
